{"message":"Server listening on port 3000","level":"info"}
{"message":"Connected to MongoDB...","level":"info"}
{"message":"Server listening on port 3000","level":"info"}
{"message":"Connected to MongoDB...","level":"info"}
[32minfo[39m: Server listening on port 3000 {"timestamp":"2021-01-29T06:54:34.936Z"}
[32minfo[39m: Connected to MongoDB... {"timestamp":"2021-01-29T06:54:34.955Z"}
[32minfo[39m: Server listening on port 3000 {"timestamp":"2021-01-29T07:59:15.275Z"}
[32minfo[39m: Connected to MongoDB... {"timestamp":"2021-01-29T07:59:15.302Z"}
[32minfo[39m: Server listening on port 3000 {"timestamp":"2021-01-29T09:52:33.798Z"}
[32minfo[39m: Connected to MongoDB... {"timestamp":"2021-01-29T09:52:33.818Z"}
{"message":"Server listening on port 3000","level":"info"}
{"message":"Connected to MongoDB...","level":"info"}
{"message":"Server listening on port 3000","level":"info"}
{"message":"Connected to MongoDB...","level":"info"}
{"message":"Server listening on port 3000","level":"info"}
{"message":"Connected to MongoDB...","level":"info"}
{"message":"Server listening on port 3000","level":"info"}
{"message":"Connected to MongoDB...","level":"info"}
{"message":"Server listening on port 3000","level":"info"}
{"message":"Connected to mongodb://localhost/vidly...","level":"info"}
{"message":"Server listening on port 3000","level":"info"}
{"message":"Connected to mongodb://localhost/vidly_test...","level":"info"}
{"message":"Server listening on port 3000","level":"info"}
{"message":"Connected to mongodb://localhost/vidly_test...","level":"info"}
{"message":"Server listening on port 3000","level":"info"}
{"message":"Connected to mongodb://localhost/vidly_test...","level":"info"}
{"message":"Server listening on port 3000","level":"info"}
{"message":"Connected to mongodb://localhost/vidly_test...","level":"info"}
{"message":"Server listening on port 3000","level":"info"}
{"message":"Connected to mongodb://localhost/vidly_test...","level":"info"}
{"message":"Server listening on port 3000","level":"info"}
{"message":"Connected to mongodb://localhost/vidly_test...","level":"info"}
{"message":"Server listening on port 3000","level":"info"}
{"message":"Connected to mongodb://localhost/vidly_test...","level":"info"}
{"message":"Server listening on port 3000","level":"info"}
{"message":"Connected to mongodb://localhost/vidly_test...","level":"info"}
{"message":"Server listening on port 3000","level":"info"}
{"message":"Connected to mongodb://localhost/vidly_test...","level":"info"}
{"message":"Server listening on port 3000","level":"info"}
{"message":"Connected to mongodb://localhost/vidly_test...","level":"info"}
{"message":"Server listening on port 3000","level":"info"}
{"message":"Connected to mongodb://localhost/vidly_test...","level":"info"}
{"message":"Server listening on port 3000","level":"info"}
{"message":"Connected to mongodb://localhost/vidly_test...","level":"info"}
{"message":"Server listening on port 3000","level":"info"}
{"message":"Connected to mongodb://localhost/vidly_test...","level":"info"}
{"message":"Server listening on port 3000","level":"info"}
{"message":"Connected to mongodb://localhost/vidly_test...","level":"info"}
{"message":"Server listening on port 3000","level":"info"}
{"message":"Connected to mongodb://localhost/vidly_test...","level":"info"}
{"message":"Server listening on port 3000","level":"info"}
{"message":"Connected to mongodb://localhost/vidly_test...","level":"info"}
{"message":"Server listening on port 3000","level":"info"}
{"message":"Connected to mongodb://localhost/vidly_test...","level":"info"}
{"message":"Server listening on port 3000","level":"info"}
{"message":"Connected to mongodb://localhost/vidly_test...","level":"info"}
{"message":"Server listening on port 3000","level":"info"}
{"message":"Connected to mongodb://localhost/vidly_test...","level":"info"}
{"message":"Server listening on port 3000","level":"info"}
{"message":"Connected to mongodb://localhost/vidly_test...","level":"info"}
{"message":"Server listening on port 3000","level":"info"}
{"message":"Connected to mongodb://localhost/vidly_test...","level":"info"}
{"message":"Server listening on port 3000","level":"info"}
{"message":"Connected to mongodb://localhost/vidly_test...","level":"info"}
{"message":"Server listening on port 3000","level":"info"}
{"message":"Connected to mongodb://localhost/vidly_test...","level":"info"}
{"message":"Server listening on port 3000","level":"info"}
{"message":"Connected to mongodb://localhost/vidly_test...","level":"info"}
{"message":"Server listening on port 3000","level":"info"}
{"message":"Connected to mongodb://localhost/vidly_test...","level":"info"}
{"message":"Server listening on port 3000","level":"info"}
{"message":"Connected to mongodb://localhost/vidly_test...","level":"info"}
{"message":"Server listening on port 3000","level":"info"}
{"message":"Connected to mongodb://localhost/vidly_test...","level":"info"}
{"message":"Server listening on port 3000","level":"info"}
{"message":"Connected to mongodb://localhost/vidly_test...","level":"info"}
{"message":"Server listening on port 3000","level":"info"}
{"message":"Connected to mongodb://localhost/vidly_test...","level":"info"}
{"message":"Server listening on port 3000","level":"info"}
{"message":"Connected to mongodb://localhost/vidly_test...","level":"info"}
{"message":"Server listening on port 3000","level":"info"}
{"message":"Connected to mongodb://localhost/vidly_test...","level":"info"}
{"message":"Server listening on port 3000","level":"info"}
{"message":"Connected to mongodb://localhost/vidly_test...","level":"info"}
{"message":"Server listening on port 3000","level":"info"}
{"message":"Connected to mongodb://localhost/vidly_test...","level":"info"}
{"message":"Server listening on port 3000","level":"info"}
{"message":"Connected to mongodb://localhost/vidly_test...","level":"info"}
{"message":"Server listening on port 3000","level":"info"}
{"message":"Connected to mongodb://localhost/vidly_test...","level":"info"}
{"message":"Server listening on port 3000","level":"info"}
{"message":"Connected to mongodb://localhost/vidly_test...","level":"info"}
{"message":"Server listening on port 3000","level":"info"}
{"message":"Connected to mongodb://localhost/vidly_test...","level":"info"}
{"message":"Server listening on port 3000","level":"info"}
{"message":"Connected to mongodb://localhost/vidly_test...","level":"info"}
{"message":"Server listening on port 3000","level":"info"}
{"message":"Connected to mongodb://localhost/vidly_test...","level":"info"}
{"message":"Server listening on port 3000","level":"info"}
{"message":"Connected to mongodb://localhost/vidly_test...","level":"info"}
{"message":"Server listening on port 3000","level":"info"}
{"message":"Connected to mongodb://localhost/vidly_test...","level":"info"}
{"message":"Server listening on port 3000","level":"info"}
{"message":"Connected to mongodb://localhost/vidly_test...","level":"info"}
{"message":"Server listening on port 3000","level":"info"}
{"message":"Connected to mongodb://localhost/vidly_test...","level":"info"}
{"message":"Server listening on port 3000","level":"info"}
{"message":"Connected to mongodb://localhost/vidly_test...","level":"info"}
{"message":"Server listening on port 3000","level":"info"}
{"message":"Connected to mongodb://localhost/vidly_test...","level":"info"}
{"message":"Server listening on port 3000","level":"info"}
{"message":"Connected to mongodb://localhost/vidly_test...","level":"info"}
{"message":"Server listening on port 3000","level":"info"}
{"message":"Connected to mongodb://localhost/vidly_test...","level":"info"}
{"message":"Server listening on port 3000","level":"info"}
{"message":"Connected to mongodb://localhost/vidly_test...","level":"info"}
{"message":"Server listening on port 3000","level":"info"}
{"message":"Connected to mongodb://localhost/vidly_test...","level":"info"}
{"message":"Server listening on port 3000","level":"info"}
{"message":"Connected to mongodb://localhost/vidly_test...","level":"info"}
{"message":"Server listening on port 3000","level":"info"}
{"message":"Connected to mongodb://localhost/vidly_test...","level":"info"}
{"message":"Server listening on port 3000","level":"info"}
{"message":"Connected to mongodb://localhost/vidly_test...","level":"info"}
{"message":"Server listening on port 3000","level":"info"}
{"message":"Connected to mongodb://localhost/vidly_test...","level":"info"}
{"message":"Server listening on port 3000","level":"info"}
{"message":"Connected to mongodb://localhost/vidly_test...","level":"info"}
{"message":"Server listening on port 3000","level":"info"}
{"message":"Connected to mongodb://localhost/vidly_test...","level":"info"}
{"message":"Server listening on port 3000","level":"info"}
{"message":"Connected to mongodb://localhost/vidly_test...","level":"info"}
{"message":"Server listening on port 3000","level":"info"}
{"message":"Connected to mongodb://localhost/vidly_test...","level":"info"}
{"message":"Server listening on port 3000","level":"info"}
{"message":"Connected to mongodb://localhost/vidly_test...","level":"info"}
{"message":"Server listening on port 3000","level":"info"}
{"message":"Connected to mongodb://localhost/vidly_test...","level":"info"}
{"message":"Server listening on port 3000","level":"info"}
{"message":"Connected to mongodb://localhost/vidly_test...","level":"info"}
{"message":"Server listening on port 3000","level":"info"}
{"message":"Connected to mongodb://localhost/vidly_test...","level":"info"}
{"message":"Server listening on port 3000","level":"info"}
{"message":"Connected to mongodb://localhost/vidly_test...","level":"info"}
{"message":"Server listening on port 3000","level":"info"}
{"message":"Connected to mongodb://localhost/vidly_test...","level":"info"}
{"message":"Server listening on port 3000","level":"info"}
{"message":"Connected to mongodb://localhost/vidly_test...","level":"info"}
{"message":"Server listening on port 3000","level":"info"}
{"message":"Connected to mongodb://localhost/vidly_test...","level":"info"}
{"message":"Server listening on port 3000","level":"info"}
{"message":"Connected to mongodb://localhost/vidly_test...","level":"info"}
{"message":"Server listening on port 3000","level":"info"}
{"message":"Connected to mongodb://localhost/vidly_test...","level":"info"}
{"message":"Server listening on port 3000","level":"info"}
{"message":"Connected to mongodb://localhost/vidly_test...","level":"info"}
{"message":"Server listening on port 3000","level":"info"}
{"message":"Connected to mongodb://localhost/vidly_test...","level":"info"}
{"message":"Server listening on port 3000","level":"info"}
{"message":"Connected to mongodb://localhost/vidly_test...","level":"info"}
{"message":"Server listening on port 3000","level":"info"}
{"message":"Connected to mongodb://localhost/vidly_test...","level":"info"}
{"message":"Server listening on port 3000","level":"info"}
{"message":"Connected to mongodb://localhost/vidly_test...","level":"info"}
{"message":"Server listening on port 3000","level":"info"}
{"message":"Connected to mongodb://localhost/vidly_test...","level":"info"}
{"message":"Server listening on port 3000","level":"info"}
{"message":"Connected to mongodb://localhost/vidly_test...","level":"info"}
{"message":"Server listening on port 3000","level":"info"}
{"message":"Connected to mongodb://localhost/vidly_test...","level":"info"}
{"message":"Server listening on port 3000","level":"info"}
{"message":"Connected to mongodb://localhost/vidly_test...","level":"info"}
{"message":"Server listening on port 3000","level":"info"}
{"message":"Connected to mongodb://localhost/vidly_test...","level":"info"}
{"message":"Server listening on port 3000","level":"info"}
{"message":"Connected to mongodb://localhost/vidly_test...","level":"info"}
{"message":"Server listening on port 3000","level":"info"}
{"message":"Connected to mongodb://localhost/vidly_test...","level":"info"}
{"message":"Server listening on port 3000","level":"info"}
{"message":"Connected to mongodb://localhost/vidly_test...","level":"info"}
{"message":"Server listening on port 3000","level":"info"}
{"message":"Connected to mongodb://localhost/vidly_test...","level":"info"}
{"message":"Server listening on port 3000","level":"info"}
{"message":"Connected to mongodb://localhost/vidly_test...","level":"info"}
{"message":"Server listening on port 3000","level":"info"}
{"message":"Connected to mongodb://localhost/vidly_test...","level":"info"}
{"message":"Server listening on port 3000","level":"info"}
{"message":"Connected to mongodb://localhost/vidly_test...","level":"info"}
{"message":"Server listening on port 3000","level":"info"}
{"message":"Connected to mongodb://localhost/vidly_test...","level":"info"}
{"message":"Server listening on port 3000","level":"info"}
{"message":"Connected to mongodb://localhost/vidly_test...","level":"info"}
{"message":"Server listening on port 3000","level":"info"}
{"message":"Connected to mongodb://localhost/vidly_test...","level":"info"}
{"message":"Server listening on port 3000","level":"info"}
{"message":"Connected to mongodb://localhost/vidly_test...","level":"info"}
{"message":"Server listening on port 3000","level":"info"}
{"message":"Connected to mongodb://localhost/vidly_test...","level":"info"}
{"message":"Server listening on port 3000","level":"info"}
{"message":"Connected to mongodb://localhost/vidly_test...","level":"info"}
{"message":"Server listening on port 3000","level":"info"}
{"message":"Connected to mongodb://localhost/vidly_test...","level":"info"}
{"message":"Server listening on port 3000","level":"info"}
{"message":"Connected to mongodb://localhost/vidly_test...","level":"info"}
{"message":"Server listening on port 3000","level":"info"}
{"message":"Connected to mongodb://localhost/vidly_test...","level":"info"}
{"message":"Server listening on port 3000","level":"info"}
{"message":"Connected to mongodb://localhost/vidly_test...","level":"info"}
{"message":"Server listening on port 3000","level":"info"}
{"message":"Connected to mongodb://localhost/vidly_test...","level":"info"}
{"message":"Server listening on port 3000","level":"info"}
{"message":"Connected to mongodb://localhost/vidly_test...","level":"info"}
{"message":"Server listening on port 3000","level":"info"}
{"message":"Connected to mongodb://localhost/vidly_test...","level":"info"}
{"message":"Server listening on port 3000","level":"info"}
{"message":"Connected to mongodb://localhost/vidly_test...","level":"info"}
{"message":"Server listening on port 3000","level":"info"}
{"message":"Connected to mongodb://localhost/vidly_test...","level":"info"}
{"message":"Server listening on port 3000","level":"info"}
{"message":"Connected to mongodb://localhost/vidly_test...","level":"info"}
{"metadata":{"stringValue":"\"1\"","kind":"ObjectId","value":"1","path":"_id","reason":{}},"level":"error","message":"Cast to ObjectId failed for value \"1\" at path \"_id\" for model \"Genre\""}
{"message":"Server listening on port 3000","level":"info"}
{"message":"Connected to mongodb://localhost/vidly_test...","level":"info"}
{"message":"Server listening on port 3000","level":"info"}
{"message":"Connected to mongodb://localhost/vidly_test...","level":"info"}
{"metadata":{"stringValue":"\"true\"","kind":"ObjectId","value":true,"path":"_id","reason":{}},"level":"error","message":"Cast to ObjectId failed for value \"true\" at path \"_id\" for model \"Genre\""}
{"metadata":{"stringValue":"\"false\"","kind":"ObjectId","value":false,"path":"_id","reason":{}},"level":"error","message":"Cast to ObjectId failed for value \"false\" at path \"_id\" for model \"Genre\""}
{"message":"Server listening on port 3000","level":"info"}
{"message":"Connected to mongodb://localhost/vidly_test...","level":"info"}
{"message":"Server listening on port 3000","level":"info"}
{"message":"Connected to mongodb://localhost/vidly_test...","level":"info"}
{"metadata":{"stringValue":"\"true\"","kind":"ObjectId","value":true,"path":"_id","reason":{}},"level":"error","message":"Cast to ObjectId failed for value \"true\" at path \"_id\" for model \"Genre\""}
{"metadata":{"stringValue":"\"false\"","kind":"ObjectId","value":false,"path":"_id","reason":{}},"level":"error","message":"Cast to ObjectId failed for value \"false\" at path \"_id\" for model \"Genre\""}
{"message":"Server listening on port 3000","level":"info"}
{"message":"Connected to mongodb://localhost/vidly_test...","level":"info"}
{"message":"Server listening on port 3000","level":"info"}
{"message":"Connected to mongodb://localhost/vidly_test...","level":"info"}
{"message":"Server listening on port 3000","level":"info"}
{"message":"Connected to mongodb://localhost/vidly_test...","level":"info"}
{"message":"Server listening on port 3000","level":"info"}
{"message":"Connected to mongodb://localhost/vidly_test...","level":"info"}
{"message":"Server listening on port 3000","level":"info"}
{"message":"Connected to mongodb://localhost/vidly_test...","level":"info"}
{"message":"Server listening on port 3000","level":"info"}
{"message":"Connected to mongodb://localhost/vidly_test...","level":"info"}
{"metadata":{"stringValue":"\"1\"","kind":"ObjectId","value":"1","path":"_id","reason":{}},"level":"error","message":"Cast to ObjectId failed for value \"1\" at path \"_id\" for model \"Genre\""}
{"message":"Server listening on port 3000","level":"info"}
{"message":"Connected to mongodb://localhost/vidly_test...","level":"info"}
{"message":"Server listening on port 3000","level":"info"}
{"message":"Connected to mongodb://localhost/vidly_test...","level":"info"}
{"metadata":{"stringValue":"\"1\"","kind":"ObjectId","value":"1","path":"_id","reason":{}},"level":"error","message":"Cast to ObjectId failed for value \"1\" at path \"_id\" for model \"Genre\""}
{"message":"Server listening on port 3000","level":"info"}
{"message":"Connected to mongodb://localhost/vidly_test...","level":"info"}
{"message":"Server listening on port 3000","level":"info"}
{"message":"Connected to mongodb://localhost/vidly_test...","level":"info"}
{"metadata":{"stringValue":"\"1\"","kind":"ObjectId","value":"1","path":"_id","reason":{}},"level":"error","message":"Cast to ObjectId failed for value \"1\" at path \"_id\" for model \"Genre\""}
{"message":"Server listening on port 3000","level":"info"}
{"message":"Connected to mongodb://localhost/vidly_test...","level":"info"}
{"message":"Server listening on port 3000","level":"info"}
{"message":"Connected to mongodb://localhost/vidly_test...","level":"info"}
{"metadata":{},"level":"error","message":"req is not defined"}
{"metadata":{},"level":"error","message":"req is not defined"}
{"message":"Server listening on port 3000","level":"info"}
{"message":"Connected to mongodb://localhost/vidly_test...","level":"info"}
{"message":"Server listening on port 3000","level":"info"}
{"message":"Connected to mongodb://localhost/vidly_test...","level":"info"}
{"message":"Server listening on port 3000","level":"info"}
{"message":"Connected to mongodb://localhost/vidly_test...","level":"info"}
{"message":"Server listening on port 3000","level":"info"}
{"message":"Connected to mongodb://localhost/vidly_test...","level":"info"}
{"message":"Server listening on port 3000","level":"info"}
{"message":"Connected to mongodb://localhost/vidly_test...","level":"info"}
{"metadata":{"stringValue":"\"1\"","kind":"ObjectId","value":"1","path":"_id","reason":{}},"level":"error","message":"Cast to ObjectId failed for value \"1\" at path \"_id\" for model \"Customer\""}
{"message":"Server listening on port 3000","level":"info"}
{"message":"Connected to mongodb://localhost/vidly_test...","level":"info"}
{"message":"Server listening on port 3000","level":"info"}
{"message":"Connected to mongodb://localhost/vidly_test...","level":"info"}
{"message":"Server listening on port 3000","level":"info"}
{"message":"Connected to mongodb://localhost/vidly_test...","level":"info"}
{"message":"Server listening on port 3000","level":"info"}
{"message":"Connected to mongodb://localhost/vidly_test...","level":"info"}
{"message":"Server listening on port 3000","level":"info"}
{"message":"Connected to mongodb://localhost/vidly_test...","level":"info"}
{"message":"Server listening on port 3000","level":"info"}
{"message":"Connected to mongodb://localhost/vidly_test...","level":"info"}
